15:18:41.629 [main] INFO  wlmn.server.Server - Сервер запущен.
15:29:04.949 [main] INFO  wlmn.server.Server - Сервер запущен на порте 2222.
15:29:16.573 [main] INFO  wlmn.server.Server - (:^D) Установлено соединение с клиентом (/127.0.0.1:22965).
15:29:18.929 [main] INFO  wlmn.server.Server - |R| Получен запрос на выполнение команды /show от клиента (/127.0.0.1:22965).
15:29:18.972 [main] INFO  wlmn.server.Server - Результат выполнения команды /show, запрошенной клиентом (/127.0.0.1:22965): 
-----
{
  "1" : {
    "id" : 1,
    "name" : "test",
    "coordinates" : {
      "x" : 9,
      "y" : 1.0
    },
    "creationDate" : "2025-04-07T19:41:37.9676938Z",
    "age" : 3,
    "weight" : 34.0,
    "speaking" : false,
    "color" : "RED",
    "killer" : null
  },
  "scriptTest" : {
    "id" : 2,
    "name" : "Scripter",
    "coordinates" : {
      "x" : 36,
      "y" : 49.0
    },
    "creationDate" : "2025-05-19T18:24:08.420967Z",
    "age" : 1007,
    "weight" : 1200.57,
    "speaking" : true,
    "color" : "RED",
    "killer" : null
  },
  "scripted" : {
    "id" : 3,
    "name" : "Scripter",
    "coordinates" : {
      "x" : 36,
      "y" : 49.0
    },
    "creationDate" : "2025-04-08T15:58:20.1041737Z",
    "age" : 1007,
    "weight" : 1200.57,
    "speaking" : true,
    "color" : "RED",
    "killer" : null
  },
  "test2" : {
    "id" : 4,
    "name" : "Tester2",
    "coordinates" : {
      "x" : -230,
      "y" : 929.0
    },
    "creationDate" : "2025-04-08T16:02:10.2569424Z",
    "age" : 2000,
    "weight" : 4567.89,
    "speaking" : true,
    "color" : "WHITE",
    "killer" : {
      "name" : "Р”РѕР±СЂС‹РЅСЏ РќРёРєРёС‚РёС‡",
      "birthday" : "1008-11-11T01:02:03",
      "hairColor" : "BROWN",
      "nationality" : "RUSSIA",
      "location" : {
        "x" : 45,
        "y" : 56,
        "z" : 67.0
      }
    }
  },
  "testid" : {
    "id" : 5,
    "name" : "testid",
    "coordinates" : {
      "x" : 3,
      "y" : 4.0
    },
    "creationDate" : "2025-05-20T11:15:00.1745484Z",
    "age" : 5,
    "weight" : 6.0,
    "speaking" : true,
    "color" : "BLACK",
    "killer" : null
  }
}
-----
15:29:22.136 [main] INFO  wlmn.server.Server - |R| Получен запрос на выполнение команды /info от клиента (/127.0.0.1:22965).
15:29:22.137 [main] INFO  wlmn.server.Server - Результат выполнения команды /info, запрошенной клиентом (/127.0.0.1:22965): 
-----
Тип коллекции: Dragon.
Дата создания: 2025-05-06T09:16:27.4263372Z
Дата последнего получения доступа к коллекции: 2025-05-20T12:29:04.8598064Z
Дата последнего изменения коллекции: 2025-05-20T11:15:27.229021Z
Количество элементов в коллекции: 5.
-----
15:29:24.364 [main] INFO  wlmn.server.Server - |R| Получен запрос на выполнение команды /exit от клиента (/127.0.0.1:22965).
15:29:24.376 [main] INFO  wlmn.server.Server - Результат выполнения команды /exit, запрошенной клиентом (/127.0.0.1:22965): 
-----
Коллекция успешно сохранена в рабочий файл.
-----
15:29:24.398 [main] WARN  wlmn.server.Server - |X| Разорвано соединение с клиентом (/127.0.0.1:22965).
16:51:31.930 [main] ERROR wlmn.server.Server - Завершение работы программы.
16:51:48.971 [main] INFO  wlmn.server.Server - Сервер запущен на порте 2222.
17:43:10.939 [main] INFO  wlmn.server.Server - Сервер запущен на порте 64494.
17:43:47.082 [main] INFO  wlmn.server.Server - (:^D) Установлено соединение с клиентом (/127.0.0.1:21975).
17:43:50.666 [main] INFO  wlmn.server.Server - |R| Получен запрос на выполнение команды /info от клиента (/127.0.0.1:21975).
17:43:50.675 [main] INFO  wlmn.server.Server - Результат выполнения команды /info, запрошенной клиентом (/127.0.0.1:21975): 
-----
Тип коллекции: Dragon.
Дата создания: 2025-05-06T09:16:27.4263372Z
Дата последнего получения доступа к коллекции: 2025-05-20T14:43:10.8561134Z
Дата последнего изменения коллекции: 2025-05-20T12:29:24.3740059Z
Количество элементов в коллекции: 5.
-----
17:44:43.067 [main] INFO  wlmn.server.Server - |R| Получен запрос на выполнение команды /exit от клиента (/127.0.0.1:21975).
17:44:43.112 [main] INFO  wlmn.server.Server - Результат выполнения команды /exit, запрошенной клиентом (/127.0.0.1:21975): 
-----
Коллекция успешно сохранена в рабочий файл.
-----
17:44:43.126 [main] WARN  wlmn.server.Server - |X| Разорвано соединение с клиентом (/127.0.0.1:21975).
